   1               		.file	"globals.c"
   2               	__SP_H__ = 0x3e
   3               	__SP_L__ = 0x3d
   4               	__SREG__ = 0x3f
   5               	__RAMPZ__ = 0x3b
   6               	__CCP__ = 0x34
   7               	__tmp_reg__ = 0
   8               	__zero_reg__ = 1
   9               		.text
  10               	.Ltext0:
  11               		.cfi_sections	.debug_frame
  12               		.comm	systemTicks,2,1
  13               		.comm	subState,1,1
  14               		.comm	State,2,1
  15               	.Letext0:
  16               		.file 1 "globals.c"
  17               		.file 2 "defines.h"
DEFINED SYMBOLS
                            *ABS*:00000000 globals.c
     /tmp/ccpyORRp.s:2      *ABS*:0000003e __SP_H__
     /tmp/ccpyORRp.s:3      *ABS*:0000003d __SP_L__
     /tmp/ccpyORRp.s:4      *ABS*:0000003f __SREG__
     /tmp/ccpyORRp.s:5      *ABS*:0000003b __RAMPZ__
     /tmp/ccpyORRp.s:6      *ABS*:00000034 __CCP__
     /tmp/ccpyORRp.s:7      *ABS*:00000000 __tmp_reg__
     /tmp/ccpyORRp.s:8      *ABS*:00000001 __zero_reg__
                            *COM*:00000002 systemTicks
                            *COM*:00000001 subState
                            *COM*:00000002 State

UNDEFINED SYMBOLS
__do_clear_bss
